<?xml version="1.0" encoding="utf-8"?><testsuites name="pytest tests"><testsuite name="pytest" errors="0" failures="0" skipped="0" tests="10" time="1.029" timestamp="2026-08-15T00:58:11.243797+00:00" hostname="agent-env-5d73e2b6-3550-4188-8808-5bf2f60e76ec"><testcase classname="backend.tests.test_magazine_builder.TestTemplates" name="test_get_templates" time="0.381" /><testcase classname="backend.tests.test_magazine_builder.TestGenerateMagazine" name="test_generate_creates_seven_pages" time="0.051" /><testcase classname="backend.tests.test_magazine_builder.TestGenerateMagazine" name="test_generate_uses_template" time="0.000" /><testcase classname="backend.tests.test_magazine_builder.TestGenerateMagazine" name="test_cover_has_talent_name" time="0.000" /><testcase classname="backend.tests.test_magazine_builder.TestMagazineCRUD" name="test_get_magazine" time="0.050" /><testcase classname="backend.tests.test_magazine_builder.TestMagazineCRUD" name="test_get_magazine_not_found" time="0.054" /><testcase classname="backend.tests.test_magazine_builder.TestMagazineCRUD" name="test_list_magazines" time="0.056" /><testcase classname="backend.tests.test_magazine_builder.TestMagazineCRUD" name="test_update_magazine" time="0.138" /><testcase classname="backend.tests.test_magazine_builder.TestMagazineCRUD" name="test_duplicate_magazine" time="0.093" /><testcase classname="backend.tests.test_magazine_builder.TestMagazineCRUD" name="test_delete_nonexistent" time="0.101" /></testsuite></testsuites>