<?xml version="1.0" encoding="utf-8"?><testsuites name="pytest tests"><testsuite name="pytest" errors="0" failures="0" skipped="0" tests="6" time="1.466" timestamp="2026-08-24T11:32:30.080852+00:00" hostname="agent-env-5d73e2b6-3550-4188-8808-5bf2f60e76ec"><testcase classname="backend.tests.test_payment_verification.TestPaymentSettings" name="test_payment_settings_returns_razorpay_configured" time="0.315" /><testcase classname="backend.tests.test_payment_verification.TestCreateOrder" name="test_create_order_endpoint_exists" time="0.853" /><testcase classname="backend.tests.test_payment_verification.TestVerifyPayment" name="test_verify_payment_endpoint_exists" time="0.073" /><testcase classname="backend.tests.test_payment_verification.TestVerifyPayment" name="test_verify_payment_validates_required_fields" time="0.057" /><testcase classname="backend.tests.test_payment_verification.TestVerifyPayment" name="test_verify_payment_bad_signature_returns_400" time="0.056" /><testcase classname="backend.tests.test_payment_verification.TestPaymentHistory" name="test_payment_history_no_objectid" time="0.057" /></testsuite></testsuites>