<?xml version="1.0" encoding="utf-8"?><testsuites name="pytest tests"><testsuite name="pytest" errors="0" failures="0" skipped="0" tests="15" time="6.277" timestamp="2026-02-26T09:30:53.643787+00:00" hostname="agent-env-02408c01-4bbc-42ca-9c33-ca4fd4724551"><testcase classname="tests.test_designer_store.TestStoreSettings" name="test_get_store_settings" time="0.238" /><testcase classname="tests.test_designer_store.TestStoreSettings" name="test_update_store_settings" time="0.323" /><testcase classname="tests.test_designer_store.TestDesignersEndpoint" name="test_get_store_designers" time="0.108" /><testcase classname="tests.test_designer_store.TestProductsCRUD" name="test_get_products_empty" time="0.102" /><testcase classname="tests.test_designer_store.TestProductsCRUD" name="test_create_product_without_designer" time="0.102" /><testcase classname="tests.test_designer_store.TestProductsWithDesigner" name="test_product_crud_flow" time="0.995" /><testcase classname="tests.test_designer_store.TestOrders" name="test_create_order" time="0.435" /><testcase classname="tests.test_designer_store.TestOrders" name="test_get_orders" time="0.531" /><testcase classname="tests.test_designer_store.TestOrders" name="test_update_order_status" time="0.804" /><testcase classname="tests.test_designer_store.TestOrders" name="test_invalid_order_status" time="0.505" /><testcase classname="tests.test_designer_store.TestReviews" name="test_create_review" time="0.496" /><testcase classname="tests.test_designer_store.TestReviews" name="test_get_product_reviews" time="0.618" /><testcase classname="tests.test_designer_store.TestReviews" name="test_invalid_rating" time="0.423" /><testcase classname="tests.test_designer_store.TestReviews" name="test_review_nonexistent_product" time="0.423" /><testcase classname="tests.test_designer_store.TestAdminLogin" name="test_admin_login" time="0.095" /></testsuite></testsuites>