<?xml version="1.0" encoding="utf-8"?><testsuites name="pytest tests"><testsuite name="pytest" errors="0" failures="0" skipped="0" tests="13" time="1.401" timestamp="2026-02-10T08:19:07.520850+00:00" hostname="agent-env-a1a716d7-2178-4e8d-86c9-ce37ff4dceb6"><testcase classname="backend.tests.test_multi_image_upload.TestAPIBasics" name="test_api_root" time="0.129" /><testcase classname="backend.tests.test_multi_image_upload.TestAPIBasics" name="test_awards_endpoint_accessible" time="0.037" /><testcase classname="backend.tests.test_multi_image_upload.TestAPIBasics" name="test_hero_images_endpoint_accessible" time="0.038" /><testcase classname="backend.tests.test_multi_image_upload.TestContestWinnersMultiImage" name="test_create_award_with_single_image" time="0.159" /><testcase classname="backend.tests.test_multi_image_upload.TestContestWinnersMultiImage" name="test_create_award_with_multiple_images" time="0.112" /><testcase classname="backend.tests.test_multi_image_upload.TestContestWinnersMultiImage" name="test_create_award_with_5_images" time="0.118" /><testcase classname="backend.tests.test_multi_image_upload.TestContestWinnersMultiImage" name="test_create_award_with_more_than_5_images_truncates" time="0.111" /><testcase classname="backend.tests.test_multi_image_upload.TestContestWinnersMultiImage" name="test_award_response_contains_winner_images_field" time="0.115" /><testcase classname="backend.tests.test_multi_image_upload.TestHeroImagesLimit" name="test_hero_images_endpoint_returns_list" time="0.036" /><testcase classname="backend.tests.test_multi_image_upload.TestHeroImagesLimit" name="test_create_hero_image" time="0.120" /><testcase classname="backend.tests.test_multi_image_upload.TestHeroImagesLimit" name="test_hero_images_list_limit" time="0.038" /><testcase classname="backend.tests.test_multi_image_upload.TestAwardsCRUDFlow" name="test_full_crud_flow_with_multi_images" time="0.184" /><testcase classname="backend.tests.test_multi_image_upload.TestBackwardCompatibility" name="test_legacy_winner_image_field_populated" time="0.146" /></testsuite></testsuites>