<?xml version="1.0" encoding="utf-8"?><testsuites name="pytest tests"><testsuite name="pytest" errors="0" failures="0" skipped="9" tests="15" time="4.149" timestamp="2026-02-26T09:28:41.535465+00:00" hostname="agent-env-02408c01-4bbc-42ca-9c33-ca4fd4724551"><testcase classname="tests.test_designer_store.TestStoreSettings" name="test_get_store_settings" time="0.249" /><testcase classname="tests.test_designer_store.TestStoreSettings" name="test_update_store_settings" time="0.360" /><testcase classname="tests.test_designer_store.TestDesignersEndpoint" name="test_get_store_designers" time="0.106" /><testcase classname="tests.test_designer_store.TestProductsCRUD" name="test_get_products_empty" time="0.100" /><testcase classname="tests.test_designer_store.TestProductsCRUD" name="test_create_product_without_designer" time="0.118" /><testcase classname="tests.test_designer_store.TestProductsWithDesigner" name="test_product_crud_flow" time="0.342"><skipped type="pytest.skip" message="Could not find or create designer for product tests">/app/backend/tests/test_designer_store.py:213: Could not find or create designer for product tests</skipped></testcase><testcase classname="tests.test_designer_store.TestOrders" name="test_create_order" time="0.313"><skipped type="pytest.skip" message="Could not create designer for order tests">/app/backend/tests/test_designer_store.py:352: Could not create designer for order tests</skipped></testcase><testcase classname="tests.test_designer_store.TestOrders" name="test_get_orders" time="0.359"><skipped type="pytest.skip" message="Could not create designer for order tests">/app/backend/tests/test_designer_store.py:377: Could not create designer for order tests</skipped></testcase><testcase classname="tests.test_designer_store.TestOrders" name="test_update_order_status" time="0.324"><skipped type="pytest.skip" message="Could not create designer for order tests">/app/backend/tests/test_designer_store.py:398: Could not create designer for order tests</skipped></testcase><testcase classname="tests.test_designer_store.TestOrders" name="test_invalid_order_status" time="0.311"><skipped type="pytest.skip" message="Could not create designer for order tests">/app/backend/tests/test_designer_store.py:427: Could not create designer for order tests</skipped></testcase><testcase classname="tests.test_designer_store.TestReviews" name="test_create_review" time="0.312"><skipped type="pytest.skip" message="Could not create designer for review tests">/app/backend/tests/test_designer_store.py:505: Could not create designer for review tests</skipped></testcase><testcase classname="tests.test_designer_store.TestReviews" name="test_get_product_reviews" time="0.297"><skipped type="pytest.skip" message="Could not create designer for review tests">/app/backend/tests/test_designer_store.py:525: Could not create designer for review tests</skipped></testcase><testcase classname="tests.test_designer_store.TestReviews" name="test_invalid_rating" time="0.336"><skipped type="pytest.skip" message="Could not create designer for review tests">/app/backend/tests/test_designer_store.py:544: Could not create designer for review tests</skipped></testcase><testcase classname="tests.test_designer_store.TestReviews" name="test_review_nonexistent_product" time="0.316"><skipped type="pytest.skip" message="Could not create designer for review tests">/app/backend/tests/test_designer_store.py:557: Could not create designer for review tests</skipped></testcase><testcase classname="tests.test_designer_store.TestAdminLogin" name="test_admin_login" time="0.107" /></testsuite></testsuites>