<?xml version="1.0" encoding="utf-8"?><testsuites name="pytest tests"><testsuite name="pytest" errors="0" failures="0" skipped="0" tests="19" time="1.230" timestamp="2026-02-07T01:25:02.361490+00:00" hostname="agent-env-a7e96fdb-5c2e-49b2-8bf8-58c300c56efd"><testcase classname="backend.tests.test_admin_video_lazy_loading.TestHealthAndBasicAPIs" name="test_api_root" time="0.079" /><testcase classname="backend.tests.test_admin_video_lazy_loading.TestHealthAndBasicAPIs" name="test_get_categories" time="0.040" /><testcase classname="backend.tests.test_admin_video_lazy_loading.TestAdminAuthentication" name="test_admin_login" time="0.052" /><testcase classname="backend.tests.test_admin_video_lazy_loading.TestAdminAuthentication" name="test_admin_login_invalid_credentials" time="0.043" /><testcase classname="backend.tests.test_admin_video_lazy_loading.TestVideoFeature" name="test_get_video" time="0.046" /><testcase classname="backend.tests.test_admin_video_lazy_loading.TestVideoFeature" name="test_create_video" time="0.044" /><testcase classname="backend.tests.test_admin_video_lazy_loading.TestVideoFeature" name="test_get_video_after_create" time="0.039" /><testcase classname="backend.tests.test_admin_video_lazy_loading.TestVideoFeature" name="test_delete_video" time="0.046" /><testcase classname="backend.tests.test_admin_video_lazy_loading.TestVideoFeature" name="test_get_video_after_delete" time="0.082" /><testcase classname="backend.tests.test_admin_video_lazy_loading.TestAdminTabs" name="test_pending_talents_tab" time="0.039" /><testcase classname="backend.tests.test_admin_video_lazy_loading.TestAdminTabs" name="test_all_talents_tab" time="0.044" /><testcase classname="backend.tests.test_admin_video_lazy_loading.TestAdminTabs" name="test_hero_images_tab" time="0.040" /><testcase classname="backend.tests.test_admin_video_lazy_loading.TestAdminTabs" name="test_contests_awards_tab" time="0.039" /><testcase classname="backend.tests.test_admin_video_lazy_loading.TestAdminTabs" name="test_advertisements_tab" time="0.036" /><testcase classname="backend.tests.test_admin_video_lazy_loading.TestAdminTabs" name="test_magazine_tab" time="0.043" /><testcase classname="backend.tests.test_admin_video_lazy_loading.TestAdminTabs" name="test_music_tab" time="0.037" /><testcase classname="backend.tests.test_admin_video_lazy_loading.TestVideoFullCRUDFlow" name="test_full_video_crud_flow" time="0.159" /><testcase classname="backend.tests.test_admin_video_lazy_loading.TestVimeoVideoSupport" name="test_vimeo_video_create" time="0.116" /><testcase classname="backend.tests.test_admin_video_lazy_loading.TestRestoreOriginalVideo" name="test_restore_original_video" time="0.078" /></testsuite></testsuites>