<?xml version="1.0" encoding="utf-8"?><testsuites name="pytest tests"><testsuite name="pytest" errors="0" failures="0" skipped="0" tests="11" time="1.216" timestamp="2026-02-10T08:38:08.891581+00:00" hostname="agent-env-a1a716d7-2178-4e8d-86c9-ce37ff4dceb6"><testcase classname="backend.tests.test_party_events.TestPartyEventsAPI" name="test_api_health" time="0.099" /><testcase classname="backend.tests.test_party_events.TestPartyEventsAPI" name="test_get_active_party_events" time="0.046" /><testcase classname="backend.tests.test_party_events.TestPartyEventsAPI" name="test_get_all_party_events_admin" time="0.043" /><testcase classname="backend.tests.test_party_events.TestPartyEventsAPI" name="test_create_party_event" time="0.127" /><testcase classname="backend.tests.test_party_events.TestPartyEventsAPI" name="test_create_party_event_active_appears_in_public" time="0.171" /><testcase classname="backend.tests.test_party_events.TestPartyEventsAPI" name="test_create_inactive_event_not_in_public" time="0.113" /><testcase classname="backend.tests.test_party_events.TestPartyEventsAPI" name="test_update_party_event_toggle_active" time="0.233" /><testcase classname="backend.tests.test_party_events.TestPartyEventsAPI" name="test_delete_party_event" time="0.112" /><testcase classname="backend.tests.test_party_events.TestPartyEventsAPI" name="test_delete_nonexistent_event_returns_404" time="0.042" /><testcase classname="backend.tests.test_party_events.TestPartyEventsAPI" name="test_existing_event_structure" time="0.043" /><testcase classname="backend.tests.test_party_events.TestPartyEventsAPI" name="test_event_with_all_fields" time="0.118" /></testsuite></testsuites>