<?xml version="1.0" encoding="utf-8"?><testsuites name="pytest tests"><testsuite name="pytest" errors="0" failures="0" skipped="0" tests="9" time="0.952" timestamp="2026-02-10T08:27:47.350755+00:00" hostname="agent-env-a1a716d7-2178-4e8d-86c9-ce37ff4dceb6"><testcase classname="backend.tests.test_admin_panel_improvements.TestTalentAPITermsFields" name="test_api_root_accessible" time="0.103" /><testcase classname="backend.tests.test_admin_panel_improvements.TestTalentAPITermsFields" name="test_talents_endpoint_returns_terms_fields" time="0.045" /><testcase classname="backend.tests.test_admin_panel_improvements.TestTalentAPITermsFields" name="test_single_talent_endpoint_returns_terms_fields" time="0.074" /><testcase classname="backend.tests.test_admin_panel_improvements.TestTalentAPITermsFields" name="test_admin_pending_talents_returns_terms_fields" time="0.039" /><testcase classname="backend.tests.test_admin_panel_improvements.TestTalentAPITermsFields" name="test_talents_endpoint_with_category_filter" time="0.275" /><testcase classname="backend.tests.test_admin_panel_improvements.TestTalentAPITermsFields" name="test_lightweight_query_parameter" time="0.037" /><testcase classname="backend.tests.test_admin_panel_improvements.TestTalentRegistrationWithTerms" name="test_register_talent_with_terms_agreement" time="0.129" /><testcase classname="backend.tests.test_admin_panel_improvements.TestTalentLoginResponse" name="test_talent_login_returns_terms_fields" time="0.145" /><testcase classname="backend.tests.test_admin_panel_improvements.TestAllTalentsResponse" name="test_all_talents_have_required_fields" time="0.040" /></testsuite></testsuites>